[debug] [2024-12-21T05:45:29.929Z] ----------------------------------------------------------------------
[debug] [2024-12-21T05:45:29.929Z] Command:       /usr/local/bin/node /usr/local/bin/firebase deploy
[debug] [2024-12-21T05:45:29.930Z] CLI Version:   12.9.1
[debug] [2024-12-21T05:45:29.930Z] Platform:      darwin
[debug] [2024-12-21T05:45:29.930Z] Node Version:  v18.20.4
[debug] [2024-12-21T05:45:29.933Z] Time:          Sat Dec 21 2024 00:45:29 GMT-0500 (Ecuador Time)
[debug] [2024-12-21T05:45:29.933Z] ----------------------------------------------------------------------
[debug] 
[debug] [2024-12-21T05:45:29.935Z] >>> [apiv2][query] GET https://firebase-public.firebaseio.com/cli.json [none]
[debug] [2024-12-21T05:45:29.996Z] > command requires scopes: ["email","openid","https://www.googleapis.com/auth/cloudplatformprojects.readonly","https://www.googleapis.com/auth/firebase","https://www.googleapis.com/auth/cloud-platform"]
[debug] [2024-12-21T05:45:29.996Z] > authorizing via signed-in user (razaisger@gmail.com)
[debug] [2024-12-21T05:45:29.996Z] [iam] checking project atom-angular-challenge for permissions ["firebase.projects.get","firebasehosting.sites.update"]
[debug] [2024-12-21T05:45:29.997Z] > refreshing access token with scopes: []
[debug] [2024-12-21T05:45:29.997Z] >>> [apiv2][query] POST https://www.googleapis.com/oauth2/v3/token [none]
[debug] [2024-12-21T05:45:29.997Z] >>> [apiv2][body] POST https://www.googleapis.com/oauth2/v3/token [omitted]
[debug] [2024-12-21T05:45:30.190Z] <<< [apiv2][status] POST https://www.googleapis.com/oauth2/v3/token 200
[debug] [2024-12-21T05:45:30.190Z] <<< [apiv2][body] POST https://www.googleapis.com/oauth2/v3/token [omitted]
[debug] [2024-12-21T05:45:30.203Z] >>> [apiv2][query] POST https://cloudresourcemanager.googleapis.com/v1/projects/atom-angular-challenge:testIamPermissions [none]
[debug] [2024-12-21T05:45:30.204Z] >>> [apiv2][(partial)header] POST https://cloudresourcemanager.googleapis.com/v1/projects/atom-angular-challenge:testIamPermissions x-goog-quota-user=projects/atom-angular-challenge
[debug] [2024-12-21T05:45:30.204Z] >>> [apiv2][body] POST https://cloudresourcemanager.googleapis.com/v1/projects/atom-angular-challenge:testIamPermissions {"permissions":["firebase.projects.get","firebasehosting.sites.update"]}
[debug] [2024-12-21T05:45:30.251Z] <<< [apiv2][status] GET https://firebase-public.firebaseio.com/cli.json 200
[debug] [2024-12-21T05:45:30.251Z] <<< [apiv2][body] GET https://firebase-public.firebaseio.com/cli.json {"cloudBuildErrorAfter":1594252800000,"cloudBuildWarnAfter":1590019200000,"defaultNode10After":1594252800000,"minVersion":"3.0.5","node8DeploysDisabledAfter":1613390400000,"node8RuntimeDisabledAfter":1615809600000,"node8WarnAfter":1600128000000}
[debug] [2024-12-21T05:45:30.727Z] <<< [apiv2][status] POST https://cloudresourcemanager.googleapis.com/v1/projects/atom-angular-challenge:testIamPermissions 200
[debug] [2024-12-21T05:45:30.728Z] <<< [apiv2][body] POST https://cloudresourcemanager.googleapis.com/v1/projects/atom-angular-challenge:testIamPermissions {"permissions":["firebase.projects.get","firebasehosting.sites.update"]}
[debug] [2024-12-21T05:45:30.728Z] >>> [apiv2][query] GET https://firebase.googleapis.com/v1beta1/projects/atom-angular-challenge [none]
[debug] [2024-12-21T05:45:31.153Z] <<< [apiv2][status] GET https://firebase.googleapis.com/v1beta1/projects/atom-angular-challenge 200
[debug] [2024-12-21T05:45:31.154Z] <<< [apiv2][body] GET https://firebase.googleapis.com/v1beta1/projects/atom-angular-challenge {"projectId":"atom-angular-challenge","projectNumber":"149388082691","displayName":"atom-angular-challenge","name":"projects/atom-angular-challenge","resources":{"hostingSite":"atom-angular-challenge"},"state":"ACTIVE","etag":"1_f3b48835-0c33-488d-8e4e-2abd85882955"}
[info] 
[info] === Deploying to 'atom-angular-challenge'...
[info] 
[info] i  deploying hosting 
[debug] [2024-12-21T05:45:31.159Z] >>> [apiv2][query] POST https://firebasehosting.googleapis.com/v1beta1/projects/-/sites/atom-angular-challenge/versions [none]
[debug] [2024-12-21T05:45:31.159Z] >>> [apiv2][body] POST https://firebasehosting.googleapis.com/v1beta1/projects/-/sites/atom-angular-challenge/versions {"status":"CREATED","labels":{"deployment-tool":"cli-firebase"}}
[debug] [2024-12-21T05:45:32.652Z] <<< [apiv2][status] POST https://firebasehosting.googleapis.com/v1beta1/projects/-/sites/atom-angular-challenge/versions 200
[debug] [2024-12-21T05:45:32.652Z] <<< [apiv2][body] POST https://firebasehosting.googleapis.com/v1beta1/projects/-/sites/atom-angular-challenge/versions {"name":"projects/149388082691/sites/atom-angular-challenge/versions/dfe902400f3d4eb8","status":"CREATED","config":{},"labels":{"deployment-tool":"cli-firebase"}}
[info] i  hosting[atom-angular-challenge]: beginning deploy... 
[info] i  hosting[atom-angular-challenge]: found 17 files in dist/atom-challenge-fe-template/browser/es 
[debug] [2024-12-21T05:45:32.659Z] [hosting] uploading with 200 concurrency
[debug] [2024-12-21T05:45:32.680Z] [hosting] hash cache [ZGlzdC9hdG9tLWNoYWxsZW5nZS1mZS10ZW1wbGF0ZS9icm93c2VyL2Vz] stored for 17 files
[debug] [2024-12-21T05:45:32.680Z] [hosting][hash queue][FINAL] {"max":16,"min":8,"avg":10.117647058823529,"active":0,"complete":17,"success":17,"errored":0,"retried":0,"total":17,"elapsed":18}
[debug] [2024-12-21T05:45:32.681Z] >>> [apiv2][query] POST https://firebasehosting.googleapis.com/v1beta1/projects/149388082691/sites/atom-angular-challenge/versions/dfe902400f3d4eb8:populateFiles [none]
[debug] [2024-12-21T05:45:32.681Z] >>> [apiv2][body] POST https://firebasehosting.googleapis.com/v1beta1/projects/149388082691/sites/atom-angular-challenge/versions/dfe902400f3d4eb8:populateFiles {"files":{"/chunk-G4HJDMJ2.js":"26cd534f23750a1709ae0ab7b1dc36ae204950596eba3388c3f30ce382b5fa20","/chunk-G5SKIYR5.js":"e8f20ba684e1c1bf5859716605c0092c9a2a66a1b828a9e0add76c5fa21ab851","/chunk-QMZO3RNE.js":"bfa3859015dbe0a6e2d3265449684d37a546189e1a6a1ceb18472771c8124716","/chunk-AS57PAAV.js":"1e9b3296ed28db38393b0731c42a9dc07d21b79ec43186d0a035e091c3689f17","/chunk-XK7DD7OO.js":"f77cd0af58968cc254e21661c028e24d43ebe281b13862e0f56c7ccb0ae1a2e4","/main-DHGTM2KP.js":"2c127f4d231740b4cf2b2a24707b9a3b30430053898ae22ed5a14c8b4d2edd48","/favicon.ico":"12871c13791fbc43e9a0c2a94c16ba4b797b9759b473f2650132589c7605890a","/assets/images/logo-atom-chat.png":"f414ab06c9edd3ec546d4390cc892a00205fab37d5da919b51c12943f759b457","/assets/styles/theme.scss":"38eea1fbce6d76491341fd999b0204b3a2ee32ec50c88b02c4fbeb741490480d","/chunk-XAZDRGRB.js":"32c976b4073d8a07889ef082f77a528be508bff0ce02bae38dd7426c15400a4e","/index.html":"8ba63ef3cba7b2407af6faca42e75c80195efa318762f45166d2229211416be7","/polyfills-3ITYOBXH.js":"4793d28e9bab5376fc727b6827bc9f95403028184515d0601b0db21b5dff71a6","/chunk-CDWMDBYE.js":"f3acd8747ac9c2f25c780f0deac9894739ced0bcec67b83cb3c926b2fc38b493","/chunk-BVMAZRBD.js":"7639b640c21d3c3e5e6570224d33901f821bea7fe307bf4f22a457d6bed3003e","/styles-CDLTXXYV.css":"5ef6500669169eb69e25cab176d2c2cf2dcde10ca48fb11cd49a03d2dbcdb244","/chunk-3DJ6LJPV.js":"225703abba170ed71fdb6029a84ba6407aa31f962570e89cf1ad49ab95062adf","/chunk-KQ7YKSPJ.js":"e489ed20b342e7199e31b9223de92c321e9a1f4919f4b984931cb8ea02d9f579"}}
[debug] [2024-12-21T05:45:33.773Z] <<< [apiv2][status] POST https://firebasehosting.googleapis.com/v1beta1/projects/149388082691/sites/atom-angular-challenge/versions/dfe902400f3d4eb8:populateFiles 200
[debug] [2024-12-21T05:45:33.773Z] <<< [apiv2][body] POST https://firebasehosting.googleapis.com/v1beta1/projects/149388082691/sites/atom-angular-challenge/versions/dfe902400f3d4eb8:populateFiles {"uploadRequiredHashes":["225703abba170ed71fdb6029a84ba6407aa31f962570e89cf1ad49ab95062adf","7639b640c21d3c3e5e6570224d33901f821bea7fe307bf4f22a457d6bed3003e","2c127f4d231740b4cf2b2a24707b9a3b30430053898ae22ed5a14c8b4d2edd48","e489ed20b342e7199e31b9223de92c321e9a1f4919f4b984931cb8ea02d9f579","e8f20ba684e1c1bf5859716605c0092c9a2a66a1b828a9e0add76c5fa21ab851","8ba63ef3cba7b2407af6faca42e75c80195efa318762f45166d2229211416be7","f77cd0af58968cc254e21661c028e24d43ebe281b13862e0f56c7ccb0ae1a2e4","32c976b4073d8a07889ef082f77a528be508bff0ce02bae38dd7426c15400a4e","f3acd8747ac9c2f25c780f0deac9894739ced0bcec67b83cb3c926b2fc38b493","1e9b3296ed28db38393b0731c42a9dc07d21b79ec43186d0a035e091c3689f17","26cd534f23750a1709ae0ab7b1dc36ae204950596eba3388c3f30ce382b5fa20"],"uploadUrl":"https://upload-firebasehosting.googleapis.com/upload/sites/atom-angular-challenge/versions/dfe902400f3d4eb8/files"}
[debug] [2024-12-21T05:45:33.776Z] >>> [apiv2][query] POST https://upload-firebasehosting.googleapis.com/upload/sites/atom-angular-challenge/versions/dfe902400f3d4eb8/files/225703abba170ed71fdb6029a84ba6407aa31f962570e89cf1ad49ab95062adf [none]
[debug] [2024-12-21T05:45:33.776Z] >>> [apiv2][body] POST https://upload-firebasehosting.googleapis.com/upload/sites/atom-angular-challenge/versions/dfe902400f3d4eb8/files/225703abba170ed71fdb6029a84ba6407aa31f962570e89cf1ad49ab95062adf [stream]
[debug] [2024-12-21T05:45:33.777Z] >>> [apiv2][query] POST https://upload-firebasehosting.googleapis.com/upload/sites/atom-angular-challenge/versions/dfe902400f3d4eb8/files/7639b640c21d3c3e5e6570224d33901f821bea7fe307bf4f22a457d6bed3003e [none]
[debug] [2024-12-21T05:45:33.777Z] >>> [apiv2][body] POST https://upload-firebasehosting.googleapis.com/upload/sites/atom-angular-challenge/versions/dfe902400f3d4eb8/files/7639b640c21d3c3e5e6570224d33901f821bea7fe307bf4f22a457d6bed3003e [stream]
[debug] [2024-12-21T05:45:33.778Z] >>> [apiv2][query] POST https://upload-firebasehosting.googleapis.com/upload/sites/atom-angular-challenge/versions/dfe902400f3d4eb8/files/2c127f4d231740b4cf2b2a24707b9a3b30430053898ae22ed5a14c8b4d2edd48 [none]
[debug] [2024-12-21T05:45:33.778Z] >>> [apiv2][body] POST https://upload-firebasehosting.googleapis.com/upload/sites/atom-angular-challenge/versions/dfe902400f3d4eb8/files/2c127f4d231740b4cf2b2a24707b9a3b30430053898ae22ed5a14c8b4d2edd48 [stream]
[debug] [2024-12-21T05:45:33.780Z] >>> [apiv2][query] POST https://upload-firebasehosting.googleapis.com/upload/sites/atom-angular-challenge/versions/dfe902400f3d4eb8/files/e489ed20b342e7199e31b9223de92c321e9a1f4919f4b984931cb8ea02d9f579 [none]
[debug] [2024-12-21T05:45:33.780Z] >>> [apiv2][body] POST https://upload-firebasehosting.googleapis.com/upload/sites/atom-angular-challenge/versions/dfe902400f3d4eb8/files/e489ed20b342e7199e31b9223de92c321e9a1f4919f4b984931cb8ea02d9f579 [stream]
[debug] [2024-12-21T05:45:33.782Z] >>> [apiv2][query] POST https://upload-firebasehosting.googleapis.com/upload/sites/atom-angular-challenge/versions/dfe902400f3d4eb8/files/e8f20ba684e1c1bf5859716605c0092c9a2a66a1b828a9e0add76c5fa21ab851 [none]
[debug] [2024-12-21T05:45:33.782Z] >>> [apiv2][body] POST https://upload-firebasehosting.googleapis.com/upload/sites/atom-angular-challenge/versions/dfe902400f3d4eb8/files/e8f20ba684e1c1bf5859716605c0092c9a2a66a1b828a9e0add76c5fa21ab851 [stream]
[debug] [2024-12-21T05:45:33.784Z] >>> [apiv2][query] POST https://upload-firebasehosting.googleapis.com/upload/sites/atom-angular-challenge/versions/dfe902400f3d4eb8/files/8ba63ef3cba7b2407af6faca42e75c80195efa318762f45166d2229211416be7 [none]
[debug] [2024-12-21T05:45:33.784Z] >>> [apiv2][body] POST https://upload-firebasehosting.googleapis.com/upload/sites/atom-angular-challenge/versions/dfe902400f3d4eb8/files/8ba63ef3cba7b2407af6faca42e75c80195efa318762f45166d2229211416be7 [stream]
[debug] [2024-12-21T05:45:33.785Z] >>> [apiv2][query] POST https://upload-firebasehosting.googleapis.com/upload/sites/atom-angular-challenge/versions/dfe902400f3d4eb8/files/f77cd0af58968cc254e21661c028e24d43ebe281b13862e0f56c7ccb0ae1a2e4 [none]
[debug] [2024-12-21T05:45:33.785Z] >>> [apiv2][body] POST https://upload-firebasehosting.googleapis.com/upload/sites/atom-angular-challenge/versions/dfe902400f3d4eb8/files/f77cd0af58968cc254e21661c028e24d43ebe281b13862e0f56c7ccb0ae1a2e4 [stream]
[debug] [2024-12-21T05:45:33.787Z] >>> [apiv2][query] POST https://upload-firebasehosting.googleapis.com/upload/sites/atom-angular-challenge/versions/dfe902400f3d4eb8/files/32c976b4073d8a07889ef082f77a528be508bff0ce02bae38dd7426c15400a4e [none]
[debug] [2024-12-21T05:45:33.787Z] >>> [apiv2][body] POST https://upload-firebasehosting.googleapis.com/upload/sites/atom-angular-challenge/versions/dfe902400f3d4eb8/files/32c976b4073d8a07889ef082f77a528be508bff0ce02bae38dd7426c15400a4e [stream]
[debug] [2024-12-21T05:45:33.788Z] >>> [apiv2][query] POST https://upload-firebasehosting.googleapis.com/upload/sites/atom-angular-challenge/versions/dfe902400f3d4eb8/files/f3acd8747ac9c2f25c780f0deac9894739ced0bcec67b83cb3c926b2fc38b493 [none]
[debug] [2024-12-21T05:45:33.788Z] >>> [apiv2][body] POST https://upload-firebasehosting.googleapis.com/upload/sites/atom-angular-challenge/versions/dfe902400f3d4eb8/files/f3acd8747ac9c2f25c780f0deac9894739ced0bcec67b83cb3c926b2fc38b493 [stream]
[debug] [2024-12-21T05:45:33.789Z] >>> [apiv2][query] POST https://upload-firebasehosting.googleapis.com/upload/sites/atom-angular-challenge/versions/dfe902400f3d4eb8/files/1e9b3296ed28db38393b0731c42a9dc07d21b79ec43186d0a035e091c3689f17 [none]
[debug] [2024-12-21T05:45:33.789Z] >>> [apiv2][body] POST https://upload-firebasehosting.googleapis.com/upload/sites/atom-angular-challenge/versions/dfe902400f3d4eb8/files/1e9b3296ed28db38393b0731c42a9dc07d21b79ec43186d0a035e091c3689f17 [stream]
[debug] [2024-12-21T05:45:33.790Z] >>> [apiv2][query] POST https://upload-firebasehosting.googleapis.com/upload/sites/atom-angular-challenge/versions/dfe902400f3d4eb8/files/26cd534f23750a1709ae0ab7b1dc36ae204950596eba3388c3f30ce382b5fa20 [none]
[debug] [2024-12-21T05:45:33.790Z] >>> [apiv2][body] POST https://upload-firebasehosting.googleapis.com/upload/sites/atom-angular-challenge/versions/dfe902400f3d4eb8/files/26cd534f23750a1709ae0ab7b1dc36ae204950596eba3388c3f30ce382b5fa20 [stream]
[debug] [2024-12-21T05:45:33.790Z] [hosting][populate queue][FINAL] {"max":1096,"min":1096,"avg":1096,"active":0,"complete":1,"success":1,"errored":0,"retried":0,"total":1,"elapsed":1111}
[debug] [2024-12-21T05:45:33.790Z] [hosting] uploads queued: 11
